2024-02-01 03:57:23.787  INFO 1 - [       main] c.epam.healenium.Application     : Starting Application using Java 17.0.9 with PID 1 (/healenium-backend.jar started by root in /) 
2024-02-01 03:57:23.806  INFO 1 - [       main] c.epam.healenium.Application     : No active profile set, falling back to 1 default profile: "default" 
2024-02-01 03:57:26.005  INFO 1 - [       main] .RepositoryConfigurationDelegate : Bootstrapping Spring Data JPA repositories in DEFAULT mode. 
2024-02-01 03:57:26.286  INFO 1 - [       main] .RepositoryConfigurationDelegate : Finished Spring Data repository scanning in 241 ms. Found 4 JPA repository interfaces. 
2024-02-01 03:57:29.927  INFO 1 - [       main] o.s.b.w.e.t.TomcatWebServer      : Tomcat initialized with port 7878 (http) 
2024-02-01 03:57:29.982  INFO 1 - [       main] o.a.c.core.StandardService       : Starting service [Tomcat] 
2024-02-01 03:57:29.988  INFO 1 - [       main] o.a.c.core.StandardEngine        : Starting Servlet engine: [Apache Tomcat/10.1.17] 
2024-02-01 03:57:30.186  INFO 1 - [       main] o.a.c.c.C.[.[localhost].[/]      : Initializing Spring embedded WebApplicationContext 
2024-02-01 03:57:30.199  INFO 1 - [       main] rvletWebServerApplicationContext : Root WebApplicationContext: initialization completed in 5890 ms 
2024-02-01 03:57:31.283  INFO 1 - [       main] c.z.hikari.HikariDataSource      : HikariPool-1 - Starting... 
2024-02-01 03:57:31.783  INFO 1 - [       main] c.z.hikari.HikariDataSource      : HikariPool-1 - Start completed. 
2024-02-01 03:57:32.229  INFO 1 - [       main] liquibase.database               : Set default schema name to healenium 
2024-02-01 03:57:33.966  INFO 1 - [       main] liquibase.changelog              : Creating database history table with name: healenium.databasechangelog 
2024-02-01 03:57:34.072  INFO 1 - [       main] liquibase.changelog              : Reading from healenium.databasechangelog 
2024-02-01 03:57:34.400  INFO 1 - [       main] liquibase.lockservice            : Successfully acquired change log lock 
2024-02-01 03:57:34.405  INFO 1 - [       main] liquibase.command                : Using deploymentId: 6749054404 
2024-02-01 03:57:34.410  INFO 1 - [       main] liquibase.changelog              : Reading from healenium.databasechangelog 
2024-02-01 03:57:34.455  INFO 1 - [       main] liquibase.ui                     : Running Changeset: changelog/001_createSequence.xml::3::nkobzev 
2024-02-01 03:57:34.471  INFO 1 - [       main] liquibase.changelog              : Sequence healing_result_seq created 
2024-02-01 03:57:34.477  INFO 1 - [       main] liquibase.changelog              : ChangeSet changelog/001_createSequence.xml::3::nkobzev ran successfully in 18ms 
2024-02-01 03:57:34.489  INFO 1 - [       main] liquibase.ui                     : Running Changeset: changelog/002_selector.xml::5::nkobzev 
2024-02-01 03:57:34.502  INFO 1 - [       main] liquibase.changelog              : Table SELECTOR created 
2024-02-01 03:57:34.506  INFO 1 - [       main] liquibase.changelog              : ChangeSet changelog/002_selector.xml::5::nkobzev ran successfully in 17ms 
2024-02-01 03:57:34.514  INFO 1 - [       main] liquibase.ui                     : Running Changeset: changelog/002_selector.xml::6::nkobzev 
2024-02-01 03:57:34.553  INFO 1 - [       main] liquibase.changelog              : Index SELECTOR_PK created 
2024-02-01 03:57:34.557  INFO 1 - [       main] liquibase.changelog              : ChangeSet changelog/002_selector.xml::6::nkobzev ran successfully in 41ms 
2024-02-01 03:57:34.564  INFO 1 - [       main] liquibase.ui                     : Running Changeset: changelog/003_healing.xml::7::nkobzev 
2024-02-01 03:57:34.576  INFO 1 - [       main] liquibase.changelog              : Table HEALING created 
2024-02-01 03:57:34.580  INFO 1 - [       main] liquibase.changelog              : ChangeSet changelog/003_healing.xml::7::nkobzev ran successfully in 15ms 
2024-02-01 03:57:34.586  INFO 1 - [       main] liquibase.ui                     : Running Changeset: changelog/003_healing.xml::8::nkobzev 
2024-02-01 03:57:34.615  INFO 1 - [       main] liquibase.changelog              : Index HEALING_PK created 
2024-02-01 03:57:34.620  INFO 1 - [       main] liquibase.changelog              : Foreign key constraint added to HEALING (SELECTOR_ID) 
2024-02-01 03:57:34.625  INFO 1 - [       main] liquibase.changelog              : ChangeSet changelog/003_healing.xml::8::nkobzev ran successfully in 37ms 
2024-02-01 03:57:34.632  INFO 1 - [       main] liquibase.ui                     : Running Changeset: changelog/004_healingResult.xml::9::nkobzev 
2024-02-01 03:57:34.647  INFO 1 - [       main] liquibase.changelog              : Table HEALING_RESULT created 
2024-02-01 03:57:34.651  INFO 1 - [       main] liquibase.changelog              : ChangeSet changelog/004_healingResult.xml::9::nkobzev ran successfully in 19ms 
2024-02-01 03:57:34.658  INFO 1 - [       main] liquibase.ui                     : Running Changeset: changelog/004_healingResult.xml::10::nkobzev 
2024-02-01 03:57:34.690  INFO 1 - [       main] liquibase.changelog              : Index HEALING_RESULT_PK created 
2024-02-01 03:57:34.693  INFO 1 - [       main] liquibase.changelog              : Foreign key constraint added to HEALING_RESULT (HEALING_ID) 
2024-02-01 03:57:34.699  INFO 1 - [       main] liquibase.changelog              : ChangeSet changelog/004_healingResult.xml::10::nkobzev ran successfully in 40ms 
2024-02-01 03:57:34.708  INFO 1 - [       main] liquibase.ui                     : Running Changeset: changelog/005_report.xml::11::nkobzev 
2024-02-01 03:57:34.725  INFO 1 - [       main] liquibase.changelog              : Table REPORT created 
2024-02-01 03:57:34.732  INFO 1 - [       main] liquibase.changelog              : ChangeSet changelog/005_report.xml::11::nkobzev ran successfully in 23ms 
2024-02-01 03:57:34.742  INFO 1 - [       main] liquibase.ui                     : Running Changeset: changelog/005_report.xml::12::nkobzev 
2024-02-01 03:57:34.770  INFO 1 - [       main] liquibase.changelog              : Index REPORT_PK created 
2024-02-01 03:57:34.775  INFO 1 - [       main] liquibase.changelog              : ChangeSet changelog/005_report.xml::12::nkobzev ran successfully in 32ms 
2024-02-01 03:57:34.781  INFO 1 - [       main] liquibase.ui                     : Running Changeset: changelog/006_command_and_healingenable_column.xml::13::nkobzev 
2024-02-01 03:57:34.784  INFO 1 - [       main] liquibase.changelog              : Columns COMMAND(VARCHAR(264)),ENABLE_HEALING(BOOLEAN) added to SELECTOR 
2024-02-01 03:57:34.789  INFO 1 - [       main] liquibase.changelog              : ChangeSet changelog/006_command_and_healingenable_column.xml::13::nkobzev ran successfully in 8ms 
2024-02-01 03:57:34.800  INFO 1 - [       main] liquibase.util                   : UPDATE SUMMARY 
2024-02-01 03:57:34.801  INFO 1 - [       main] liquibase.util                   : Run:                         10 
2024-02-01 03:57:34.802  INFO 1 - [       main] liquibase.util                   : Previously run:               0 
2024-02-01 03:57:34.802  INFO 1 - [       main] liquibase.util                   : Filtered out:                 0 
2024-02-01 03:57:34.802  INFO 1 - [       main] liquibase.util                   : ------------------------------- 
2024-02-01 03:57:34.803  INFO 1 - [       main] liquibase.util                   : Total change sets:           10 
2024-02-01 03:57:34.803  INFO 1 - [       main] liquibase.util                   : Update summary generated 
2024-02-01 03:57:34.806  INFO 1 - [       main] liquibase.command                : Update command completed successfully. 
2024-02-01 03:57:34.807  INFO 1 - [       main] liquibase.ui                     : Liquibase: Update has been successful. Rows affected: 10 
2024-02-01 03:57:34.814  INFO 1 - [       main] liquibase.lockservice            : Successfully released change log lock 
2024-02-01 03:57:34.816  INFO 1 - [       main] liquibase.command                : Command execution complete 
2024-02-01 03:57:35.063  INFO 1 - [       main] o.h.j.internal.util.LogHelper    : HHH000204: Processing PersistenceUnitInfo [name: default] 
2024-02-01 03:57:35.617  INFO 1 - [       main] org.hibernate.Version            : HHH000412: Hibernate ORM core version 6.4.1.Final 
2024-02-01 03:57:35.694  INFO 1 - [       main] o.h.c.i.RegionFactoryInitiator   : HHH000026: Second-level cache disabled 
2024-02-01 03:57:36.265  INFO 1 - [       main] .o.j.p.SpringPersistenceUnitInfo : No LoadTimeWeaver setup: ignoring JPA class transformer 
2024-02-01 03:57:36.377  WARN 1 - [       main] org.hibernate.orm.deprecation    : HHH90000025: PostgreSQLDialect does not need to be specified explicitly using 'hibernate.dialect' (remove the property setting and it will be selected by default) 
2024-02-01 03:57:38.166  WARN 1 - [       main] o.h.m.internal.MetadataContext   : HHH015011: Unable to locate static metamodel field : com.epam.healenium.model.domain.Selector_#nodePathWrapper; this may or may not indicate a problem with the static metamodel 
2024-02-01 03:57:38.174  INFO 1 - [       main] h.e.t.j.p.i.JtaPlatformInitiator : HHH000489: No JTA platform available (set 'hibernate.transaction.jta.platform' to enable JTA platform integration) 
2024-02-01 03:57:38.179  INFO 1 - [       main] ontainerEntityManagerFactoryBean : Initialized JPA EntityManagerFactory for persistence unit 'default' 
2024-02-01 03:57:39.074  INFO 1 - [       main] o.s.d.j.r.q.QueryEnhancerFactory : Hibernate is in classpath; If applicable, HQL parser will be used. 
2024-02-01 03:57:40.017  INFO 1 - [       main] .a.w.s.WelcomePageHandlerMapping : Adding welcome page template: index 
2024-02-01 03:57:41.465  INFO 1 - [       main] .s.b.a.e.w.EndpointLinksResolver : Exposing 1 endpoint(s) beneath base path '/actuator' 
2024-02-01 03:57:41.639  INFO 1 - [       main] o.s.b.w.e.t.TomcatWebServer      : Tomcat started on port 7878 (http) with context path '' 
2024-02-01 03:57:41.948  INFO 1 - [       main] c.epam.healenium.Application     : Started Application in 19.93 seconds (process running for 22.702) 
2024-02-01 04:04:33.206  INFO 1 - [7878-exec-1] o.a.c.c.C.[.[localhost].[/]      : Initializing Spring DispatcherServlet 'dispatcherServlet' 
2024-02-01 04:04:33.234  INFO 1 - [7878-exec-1] o.s.w.s.DispatcherServlet        : Initializing Servlet 'dispatcherServlet' 
2024-02-01 04:04:33.358  INFO 1 - [7878-exec-1] o.s.w.s.DispatcherServlet        : Completed initialization in 122 ms 
2024-02-01 04:05:10.191  INFO 1 - [7878-exec-9] healenium                        : [Save Elements] Request: By.id(change_id) 
2024-02-01 04:05:10.732  INFO 1 - [878-exec-10] healenium                        : [Save Elements] Request: By.className(test_class) 
2024-02-01 04:05:10.823  INFO 1 - [7878-exec-2] healenium                        : [Save Elements] Request: By.xpath(//*[@id="Submit"]/span/i) 
2024-02-01 04:05:16.043  INFO 1 - [7878-exec-1] healenium                        : [Get Reference] Request: RequestDto(locator=change_id, className=healenium_Demo.Check_Healenium_Java, methodName=main, command=findElement, url=https://elenastepuro.github.io/test_env/index.html)) 
2024-02-01 04:05:25.127  INFO 1 - [7878-exec-3] healenium                        : [Get Reference] Request: RequestDto(locator=test_class, className=healenium_Demo.Check_Healenium_Java, methodName=main, command=findElement, url=https://elenastepuro.github.io/test_env/index.html)) 
2024-02-01 04:07:11.491  INFO 1 - [7878-exec-3] healenium                        : [Save Elements] Request: By.id(change_id) 
2024-02-01 04:07:11.629  INFO 1 - [7878-exec-5] healenium                        : [Save Elements] Request: By.className(test_class) 
2024-02-01 04:07:11.732  INFO 1 - [7878-exec-6] healenium                        : [Save Elements] Request: By.xpath(//*[@id="Submit"]/span/i) 
2024-02-01 04:07:16.922  INFO 1 - [7878-exec-8] healenium                        : [Get Reference] Request: RequestDto(locator=change_id, className=healenium_Demo.Check_Healenium_Java, methodName=main, command=findElement, url=https://elenastepuro.github.io/test_env/index.html)) 
2024-02-01 04:07:22.501  INFO 1 - [7878-exec-9] healenium                        : [Get Reference] Request: RequestDto(locator=test_class, className=healenium_Demo.Check_Healenium_Java, methodName=main, command=findElement, url=https://elenastepuro.github.io/test_env/index.html)) 
2024-02-01 04:07:27.819  INFO 1 - [7878-exec-2] healenium                        : [Get Reference] Request: RequestDto(locator=change_id, className=healenium_Demo.Check_Healenium_Java, methodName=main, command=findElement, url=https://elenastepuro.github.io/test_env/index.html)) 
2024-02-01 04:07:33.096  INFO 1 - [7878-exec-4] healenium                        : [Get Reference] Request: RequestDto(locator=test_class, className=healenium_Demo.Check_Healenium_Java, methodName=main, command=findElement, url=https://elenastepuro.github.io/test_env/index.html)) 
